<?xml version="1.0" encoding="UTF-8"?>
<robot generator="Robot 6.1.1 (Python 3.11.5 on linux)" generated="20231120 23:10:50.645" rpa="false" schemaversion="4">
<suite id="s1" name="Tests" source="/home/joktus/koulu/ohtu/palautusrepositorio/viikko3/web-login/src/tests">
<suite id="s1-s1" name="Home" source="/home/joktus/koulu/ohtu/palautusrepositorio/viikko3/web-login/src/tests/home.robot">
<kw name="Open And Configure Browser" library="resource" type="SETUP">
<kw name="Evaluate" library="BuiltIn">
<var>${options}</var>
<arg>sys.modules['selenium.webdriver'].ChromeOptions()</arg>
<arg>sys</arg>
<doc>Evaluates the given expression in Python and returns the result.</doc>
<msg timestamp="20231120 23:10:50.729" level="INFO">${options} = &lt;selenium.webdriver.chrome.options.Options object at 0x7f9ede2fd650&gt;</msg>
<status status="PASS" starttime="20231120 23:10:50.729" endtime="20231120 23:10:50.729"/>
</kw>
<kw name="Call Method" library="BuiltIn">
<arg>${options}</arg>
<arg>add_argument</arg>
<arg>--no-sandbox</arg>
<doc>Calls the named method of the given object with the provided arguments.</doc>
<status status="PASS" starttime="20231120 23:10:50.729" endtime="20231120 23:10:50.729"/>
</kw>
<kw name="Open Browser" library="SeleniumLibrary">
<arg>browser=chrome</arg>
<arg>options=${options}</arg>
<doc>Opens a new browser instance to the optional ``url``.</doc>
<msg timestamp="20231120 23:10:50.730" level="INFO">Opening browser 'chrome' to base url 'None'.</msg>
<status status="PASS" starttime="20231120 23:10:50.730" endtime="20231120 23:10:51.560"/>
</kw>
<kw name="Set Selenium Speed" library="SeleniumLibrary">
<arg>${DELAY}</arg>
<doc>Sets the delay that is waited after each Selenium command.</doc>
<status status="PASS" starttime="20231120 23:10:51.560" endtime="20231120 23:10:51.560"/>
</kw>
<status status="PASS" starttime="20231120 23:10:50.729" endtime="20231120 23:10:51.560"/>
</kw>
<test id="s1-s1-t1" name="Click Login Link" line="8">
<kw name="Go To Starting Page" library="resource" type="SETUP">
<kw name="Go To" library="SeleniumLibrary">
<arg>${HOME_URL}</arg>
<doc>Navigates the current browser window to the provided ``url``.</doc>
<msg timestamp="20231120 23:10:51.561" level="INFO">Opening url 'http://localhost:5001'</msg>
<status status="PASS" starttime="20231120 23:10:51.561" endtime="20231120 23:10:51.694"/>
</kw>
<status status="PASS" starttime="20231120 23:10:51.560" endtime="20231120 23:10:51.694"/>
</kw>
<kw name="Click Link" library="SeleniumLibrary">
<arg>Login</arg>
<doc>Clicks a link identified by ``locator``.</doc>
<msg timestamp="20231120 23:10:51.695" level="INFO">Clicking link 'Login'.</msg>
<status status="PASS" starttime="20231120 23:10:51.694" endtime="20231120 23:10:52.040"/>
</kw>
<kw name="Login Page Should Be Open" library="resource">
<kw name="Title Should Be" library="SeleniumLibrary">
<arg>Login</arg>
<doc>Verifies that the current page title equals ``title``.</doc>
<msg timestamp="20231120 23:10:52.143" level="INFO">Page title is 'Login'.</msg>
<status status="PASS" starttime="20231120 23:10:52.041" endtime="20231120 23:10:52.143"/>
</kw>
<status status="PASS" starttime="20231120 23:10:52.040" endtime="20231120 23:10:52.143"/>
</kw>
<status status="PASS" starttime="20231120 23:10:51.560" endtime="20231120 23:10:52.143"/>
</test>
<test id="s1-s1-t2" name="Click Register Link" line="12">
<kw name="Go To Starting Page" library="resource" type="SETUP">
<kw name="Go To" library="SeleniumLibrary">
<arg>${HOME_URL}</arg>
<doc>Navigates the current browser window to the provided ``url``.</doc>
<msg timestamp="20231120 23:10:52.144" level="INFO">Opening url 'http://localhost:5001'</msg>
<status status="PASS" starttime="20231120 23:10:52.144" endtime="20231120 23:10:52.252"/>
</kw>
<status status="PASS" starttime="20231120 23:10:52.144" endtime="20231120 23:10:52.252"/>
</kw>
<kw name="Click Link" library="SeleniumLibrary">
<arg>Register new user</arg>
<doc>Clicks a link identified by ``locator``.</doc>
<msg timestamp="20231120 23:10:52.253" level="INFO">Clicking link 'Register new user'.</msg>
<status status="PASS" starttime="20231120 23:10:52.252" endtime="20231120 23:10:52.591"/>
</kw>
<kw name="Register Page Should Be Open" library="resource">
<kw name="Title Should Be" library="SeleniumLibrary">
<arg>Register</arg>
<doc>Verifies that the current page title equals ``title``.</doc>
<msg timestamp="20231120 23:10:52.693" level="INFO">Page title is 'Register'.</msg>
<status status="PASS" starttime="20231120 23:10:52.591" endtime="20231120 23:10:52.693"/>
</kw>
<status status="PASS" starttime="20231120 23:10:52.591" endtime="20231120 23:10:52.693"/>
</kw>
<status status="PASS" starttime="20231120 23:10:52.144" endtime="20231120 23:10:52.693"/>
</test>
<kw name="Close Browser" library="SeleniumLibrary" type="TEARDOWN">
<doc>Closes the current browser.</doc>
<status status="PASS" starttime="20231120 23:10:52.694" endtime="20231120 23:10:52.847"/>
</kw>
<status status="PASS" starttime="20231120 23:10:50.654" endtime="20231120 23:10:52.847"/>
</suite>
<suite id="s1-s2" name="Login" source="/home/joktus/koulu/ohtu/palautusrepositorio/viikko3/web-login/src/tests/login.robot">
<kw name="Open And Configure Browser" library="resource" type="SETUP">
<kw name="Evaluate" library="BuiltIn">
<var>${options}</var>
<arg>sys.modules['selenium.webdriver'].ChromeOptions()</arg>
<arg>sys</arg>
<doc>Evaluates the given expression in Python and returns the result.</doc>
<msg timestamp="20231120 23:10:52.850" level="INFO">${options} = &lt;selenium.webdriver.chrome.options.Options object at 0x7f9ede3274d0&gt;</msg>
<status status="PASS" starttime="20231120 23:10:52.850" endtime="20231120 23:10:52.850"/>
</kw>
<kw name="Call Method" library="BuiltIn">
<arg>${options}</arg>
<arg>add_argument</arg>
<arg>--no-sandbox</arg>
<doc>Calls the named method of the given object with the provided arguments.</doc>
<status status="PASS" starttime="20231120 23:10:52.850" endtime="20231120 23:10:52.850"/>
</kw>
<kw name="Open Browser" library="SeleniumLibrary">
<arg>browser=chrome</arg>
<arg>options=${options}</arg>
<doc>Opens a new browser instance to the optional ``url``.</doc>
<msg timestamp="20231120 23:10:52.851" level="INFO">Opening browser 'chrome' to base url 'None'.</msg>
<status status="PASS" starttime="20231120 23:10:52.850" endtime="20231120 23:10:53.677"/>
</kw>
<kw name="Set Selenium Speed" library="SeleniumLibrary">
<arg>${DELAY}</arg>
<doc>Sets the delay that is waited after each Selenium command.</doc>
<status status="PASS" starttime="20231120 23:10:53.677" endtime="20231120 23:10:53.678"/>
</kw>
<status status="PASS" starttime="20231120 23:10:52.850" endtime="20231120 23:10:53.678"/>
</kw>
<test id="s1-s2-t1" name="Login With Correct Credentials" line="8">
<kw name="Create User And Go To Login Page" type="SETUP">
<kw name="Create User" library="AppLibrary">
<arg>kalle</arg>
<arg>kalle123</arg>
<status status="PASS" starttime="20231120 23:10:53.678" endtime="20231120 23:10:53.684"/>
</kw>
<kw name="Go To Login Page" library="resource">
<kw name="Go To" library="SeleniumLibrary">
<arg>${LOGIN_URL}</arg>
<doc>Navigates the current browser window to the provided ``url``.</doc>
<msg timestamp="20231120 23:10:53.684" level="INFO">Opening url 'http://localhost:5001/login'</msg>
<status status="PASS" starttime="20231120 23:10:53.684" endtime="20231120 23:10:53.804"/>
</kw>
<status status="PASS" starttime="20231120 23:10:53.684" endtime="20231120 23:10:53.804"/>
</kw>
<kw name="Login Page Should Be Open" library="resource">
<kw name="Title Should Be" library="SeleniumLibrary">
<arg>Login</arg>
<doc>Verifies that the current page title equals ``title``.</doc>
<msg timestamp="20231120 23:10:53.907" level="INFO">Page title is 'Login'.</msg>
<status status="PASS" starttime="20231120 23:10:53.804" endtime="20231120 23:10:53.907"/>
</kw>
<status status="PASS" starttime="20231120 23:10:53.804" endtime="20231120 23:10:53.907"/>
</kw>
<status status="PASS" starttime="20231120 23:10:53.678" endtime="20231120 23:10:53.907"/>
</kw>
<kw name="Set Username">
<arg>kalle</arg>
<kw name="Input Text" library="SeleniumLibrary">
<arg>username</arg>
<arg>${username}</arg>
<doc>Types the given ``text`` into the text field identified by ``locator``.</doc>
<msg timestamp="20231120 23:10:53.907" level="INFO">Typing text 'kalle' into text field 'username'.</msg>
<status status="PASS" starttime="20231120 23:10:53.907" endtime="20231120 23:10:54.265"/>
</kw>
<status status="PASS" starttime="20231120 23:10:53.907" endtime="20231120 23:10:54.266"/>
</kw>
<kw name="Set Password">
<arg>kalle123</arg>
<kw name="Input Password" library="SeleniumLibrary">
<arg>password</arg>
<arg>${password}</arg>
<doc>Types the given password into the text field identified by ``locator``.</doc>
<msg timestamp="20231120 23:10:54.266" level="INFO">Typing password into text field 'password'.</msg>
<msg timestamp="20231120 23:10:54.485" level="INFO">Temporally setting log level to: NONE</msg>
<msg timestamp="20231120 23:10:54.606" level="INFO">Log level changed from NONE to INFO.</msg>
<status status="PASS" starttime="20231120 23:10:54.266" endtime="20231120 23:10:54.606"/>
</kw>
<status status="PASS" starttime="20231120 23:10:54.266" endtime="20231120 23:10:54.606"/>
</kw>
<kw name="Submit Credentials">
<kw name="Click Button" library="SeleniumLibrary">
<arg>Login</arg>
<doc>Clicks the button identified by ``locator``.</doc>
<msg timestamp="20231120 23:10:54.607" level="INFO">Clicking button 'Login'.</msg>
<status status="PASS" starttime="20231120 23:10:54.606" endtime="20231120 23:10:55.060"/>
</kw>
<status status="PASS" starttime="20231120 23:10:54.606" endtime="20231120 23:10:55.060"/>
</kw>
<kw name="Login Should Succeed">
<kw name="Main Page Should Be Open" library="resource">
<kw name="Title Should Be" library="SeleniumLibrary">
<arg>Ohtu Application main page</arg>
<doc>Verifies that the current page title equals ``title``.</doc>
<msg timestamp="20231120 23:10:55.163" level="INFO">Page title is 'Ohtu Application main page'.</msg>
<status status="PASS" starttime="20231120 23:10:55.061" endtime="20231120 23:10:55.163"/>
</kw>
<status status="PASS" starttime="20231120 23:10:55.060" endtime="20231120 23:10:55.163"/>
</kw>
<status status="PASS" starttime="20231120 23:10:55.060" endtime="20231120 23:10:55.163"/>
</kw>
<status status="PASS" starttime="20231120 23:10:53.678" endtime="20231120 23:10:55.163"/>
</test>
<test id="s1-s2-t2" name="Login With Incorrect Password" line="14">
<kw name="Create User And Go To Login Page" type="SETUP">
<kw name="Create User" library="AppLibrary">
<arg>kalle</arg>
<arg>kalle123</arg>
<status status="PASS" starttime="20231120 23:10:55.164" endtime="20231120 23:10:55.168"/>
</kw>
<kw name="Go To Login Page" library="resource">
<kw name="Go To" library="SeleniumLibrary">
<arg>${LOGIN_URL}</arg>
<doc>Navigates the current browser window to the provided ``url``.</doc>
<msg timestamp="20231120 23:10:55.168" level="INFO">Opening url 'http://localhost:5001/login'</msg>
<status status="PASS" starttime="20231120 23:10:55.168" endtime="20231120 23:10:55.276"/>
</kw>
<status status="PASS" starttime="20231120 23:10:55.168" endtime="20231120 23:10:55.276"/>
</kw>
<kw name="Login Page Should Be Open" library="resource">
<kw name="Title Should Be" library="SeleniumLibrary">
<arg>Login</arg>
<doc>Verifies that the current page title equals ``title``.</doc>
<msg timestamp="20231120 23:10:55.379" level="INFO">Page title is 'Login'.</msg>
<status status="PASS" starttime="20231120 23:10:55.276" endtime="20231120 23:10:55.379"/>
</kw>
<status status="PASS" starttime="20231120 23:10:55.276" endtime="20231120 23:10:55.379"/>
</kw>
<status status="PASS" starttime="20231120 23:10:55.164" endtime="20231120 23:10:55.379"/>
</kw>
<kw name="Set Username">
<arg>kalle</arg>
<kw name="Input Text" library="SeleniumLibrary">
<arg>username</arg>
<arg>${username}</arg>
<doc>Types the given ``text`` into the text field identified by ``locator``.</doc>
<msg timestamp="20231120 23:10:55.380" level="INFO">Typing text 'kalle' into text field 'username'.</msg>
<status status="PASS" starttime="20231120 23:10:55.379" endtime="20231120 23:10:55.717"/>
</kw>
<status status="PASS" starttime="20231120 23:10:55.379" endtime="20231120 23:10:55.717"/>
</kw>
<kw name="Set Password">
<arg>kalle456</arg>
<kw name="Input Password" library="SeleniumLibrary">
<arg>password</arg>
<arg>${password}</arg>
<doc>Types the given password into the text field identified by ``locator``.</doc>
<msg timestamp="20231120 23:10:55.718" level="INFO">Typing password into text field 'password'.</msg>
<msg timestamp="20231120 23:10:55.936" level="INFO">Temporally setting log level to: NONE</msg>
<msg timestamp="20231120 23:10:56.059" level="INFO">Log level changed from NONE to INFO.</msg>
<status status="PASS" starttime="20231120 23:10:55.717" endtime="20231120 23:10:56.059"/>
</kw>
<status status="PASS" starttime="20231120 23:10:55.717" endtime="20231120 23:10:56.059"/>
</kw>
<kw name="Submit Credentials">
<kw name="Click Button" library="SeleniumLibrary">
<arg>Login</arg>
<doc>Clicks the button identified by ``locator``.</doc>
<msg timestamp="20231120 23:10:56.060" level="INFO">Clicking button 'Login'.</msg>
<status status="PASS" starttime="20231120 23:10:56.059" endtime="20231120 23:10:56.497"/>
</kw>
<status status="PASS" starttime="20231120 23:10:56.059" endtime="20231120 23:10:56.497"/>
</kw>
<kw name="Login Should Fail With Message">
<arg>Invalid username or password</arg>
<kw name="Login Page Should Be Open" library="resource">
<kw name="Title Should Be" library="SeleniumLibrary">
<arg>Login</arg>
<doc>Verifies that the current page title equals ``title``.</doc>
<msg timestamp="20231120 23:10:56.599" level="INFO">Page title is 'Login'.</msg>
<status status="PASS" starttime="20231120 23:10:56.497" endtime="20231120 23:10:56.599"/>
</kw>
<status status="PASS" starttime="20231120 23:10:56.497" endtime="20231120 23:10:56.599"/>
</kw>
<kw name="Page Should Contain" library="SeleniumLibrary">
<arg>${message}</arg>
<doc>Verifies that current page contains ``text``.</doc>
<msg timestamp="20231120 23:10:56.809" level="INFO">Current page contains text 'Invalid username or password'.</msg>
<status status="PASS" starttime="20231120 23:10:56.599" endtime="20231120 23:10:56.809"/>
</kw>
<status status="PASS" starttime="20231120 23:10:56.497" endtime="20231120 23:10:56.809"/>
</kw>
<status status="PASS" starttime="20231120 23:10:55.163" endtime="20231120 23:10:56.810"/>
</test>
<test id="s1-s2-t3" name="Login With Nonexistent Username" line="20">
<kw name="Create User And Go To Login Page" type="SETUP">
<kw name="Create User" library="AppLibrary">
<arg>kalle</arg>
<arg>kalle123</arg>
<status status="PASS" starttime="20231120 23:10:56.810" endtime="20231120 23:10:56.816"/>
</kw>
<kw name="Go To Login Page" library="resource">
<kw name="Go To" library="SeleniumLibrary">
<arg>${LOGIN_URL}</arg>
<doc>Navigates the current browser window to the provided ``url``.</doc>
<msg timestamp="20231120 23:10:56.816" level="INFO">Opening url 'http://localhost:5001/login'</msg>
<status status="PASS" starttime="20231120 23:10:56.816" endtime="20231120 23:10:56.923"/>
</kw>
<status status="PASS" starttime="20231120 23:10:56.816" endtime="20231120 23:10:56.923"/>
</kw>
<kw name="Login Page Should Be Open" library="resource">
<kw name="Title Should Be" library="SeleniumLibrary">
<arg>Login</arg>
<doc>Verifies that the current page title equals ``title``.</doc>
<msg timestamp="20231120 23:10:57.026" level="INFO">Page title is 'Login'.</msg>
<status status="PASS" starttime="20231120 23:10:56.924" endtime="20231120 23:10:57.026"/>
</kw>
<status status="PASS" starttime="20231120 23:10:56.924" endtime="20231120 23:10:57.026"/>
</kw>
<status status="PASS" starttime="20231120 23:10:56.810" endtime="20231120 23:10:57.026"/>
</kw>
<kw name="Set Username">
<arg>maija</arg>
<kw name="Input Text" library="SeleniumLibrary">
<arg>username</arg>
<arg>${username}</arg>
<doc>Types the given ``text`` into the text field identified by ``locator``.</doc>
<msg timestamp="20231120 23:10:57.026" level="INFO">Typing text 'maija' into text field 'username'.</msg>
<status status="PASS" starttime="20231120 23:10:57.026" endtime="20231120 23:10:57.365"/>
</kw>
<status status="PASS" starttime="20231120 23:10:57.026" endtime="20231120 23:10:57.365"/>
</kw>
<kw name="Set Password">
<arg>maija123</arg>
<kw name="Input Password" library="SeleniumLibrary">
<arg>password</arg>
<arg>${password}</arg>
<doc>Types the given password into the text field identified by ``locator``.</doc>
<msg timestamp="20231120 23:10:57.366" level="INFO">Typing password into text field 'password'.</msg>
<msg timestamp="20231120 23:10:57.583" level="INFO">Temporally setting log level to: NONE</msg>
<msg timestamp="20231120 23:10:57.707" level="INFO">Log level changed from NONE to INFO.</msg>
<status status="PASS" starttime="20231120 23:10:57.365" endtime="20231120 23:10:57.707"/>
</kw>
<status status="PASS" starttime="20231120 23:10:57.365" endtime="20231120 23:10:57.707"/>
</kw>
<kw name="Submit Credentials">
<kw name="Click Button" library="SeleniumLibrary">
<arg>Login</arg>
<doc>Clicks the button identified by ``locator``.</doc>
<msg timestamp="20231120 23:10:57.708" level="INFO">Clicking button 'Login'.</msg>
<status status="PASS" starttime="20231120 23:10:57.708" endtime="20231120 23:10:58.143"/>
</kw>
<status status="PASS" starttime="20231120 23:10:57.707" endtime="20231120 23:10:58.144"/>
</kw>
<kw name="Login Should Fail With Message">
<arg>Invalid username or password</arg>
<kw name="Login Page Should Be Open" library="resource">
<kw name="Title Should Be" library="SeleniumLibrary">
<arg>Login</arg>
<doc>Verifies that the current page title equals ``title``.</doc>
<msg timestamp="20231120 23:10:58.246" level="INFO">Page title is 'Login'.</msg>
<status status="PASS" starttime="20231120 23:10:58.144" endtime="20231120 23:10:58.246"/>
</kw>
<status status="PASS" starttime="20231120 23:10:58.144" endtime="20231120 23:10:58.246"/>
</kw>
<kw name="Page Should Contain" library="SeleniumLibrary">
<arg>${message}</arg>
<doc>Verifies that current page contains ``text``.</doc>
<msg timestamp="20231120 23:10:58.453" level="INFO">Current page contains text 'Invalid username or password'.</msg>
<status status="PASS" starttime="20231120 23:10:58.246" endtime="20231120 23:10:58.453"/>
</kw>
<status status="PASS" starttime="20231120 23:10:58.144" endtime="20231120 23:10:58.453"/>
</kw>
<status status="PASS" starttime="20231120 23:10:56.810" endtime="20231120 23:10:58.453"/>
</test>
<kw name="Close Browser" library="SeleniumLibrary" type="TEARDOWN">
<doc>Closes the current browser.</doc>
<status status="PASS" starttime="20231120 23:10:58.454" endtime="20231120 23:10:58.607"/>
</kw>
<status status="PASS" starttime="20231120 23:10:52.848" endtime="20231120 23:10:58.607"/>
</suite>
<suite id="s1-s3" name="Register" source="/home/joktus/koulu/ohtu/palautusrepositorio/viikko3/web-login/src/tests/register.robot">
<kw name="Open And Configure Browser" library="resource" type="SETUP">
<kw name="Evaluate" library="BuiltIn">
<var>${options}</var>
<arg>sys.modules['selenium.webdriver'].ChromeOptions()</arg>
<arg>sys</arg>
<doc>Evaluates the given expression in Python and returns the result.</doc>
<msg timestamp="20231120 23:10:58.609" level="INFO">${options} = &lt;selenium.webdriver.chrome.options.Options object at 0x7f9ede33cd90&gt;</msg>
<status status="PASS" starttime="20231120 23:10:58.609" endtime="20231120 23:10:58.609"/>
</kw>
<kw name="Call Method" library="BuiltIn">
<arg>${options}</arg>
<arg>add_argument</arg>
<arg>--no-sandbox</arg>
<doc>Calls the named method of the given object with the provided arguments.</doc>
<status status="PASS" starttime="20231120 23:10:58.609" endtime="20231120 23:10:58.609"/>
</kw>
<kw name="Open Browser" library="SeleniumLibrary">
<arg>browser=chrome</arg>
<arg>options=${options}</arg>
<doc>Opens a new browser instance to the optional ``url``.</doc>
<msg timestamp="20231120 23:10:58.609" level="INFO">Opening browser 'chrome' to base url 'None'.</msg>
<status status="PASS" starttime="20231120 23:10:58.609" endtime="20231120 23:10:59.455"/>
</kw>
<kw name="Set Selenium Speed" library="SeleniumLibrary">
<arg>${DELAY}</arg>
<doc>Sets the delay that is waited after each Selenium command.</doc>
<status status="PASS" starttime="20231120 23:10:59.455" endtime="20231120 23:10:59.456"/>
</kw>
<status status="PASS" starttime="20231120 23:10:58.609" endtime="20231120 23:10:59.456"/>
</kw>
<test id="s1-s3-t1" name="Register With Valid Username And Password" line="8">
<kw name="Go To Register Page" library="resource" type="SETUP">
<kw name="Go To" library="SeleniumLibrary">
<arg>${REGISTER_URL}</arg>
<doc>Navigates the current browser window to the provided ``url``.</doc>
<msg timestamp="20231120 23:10:59.456" level="INFO">Opening url 'http://localhost:5001/register'</msg>
<status status="PASS" starttime="20231120 23:10:59.456" endtime="20231120 23:10:59.599"/>
</kw>
<status status="PASS" starttime="20231120 23:10:59.456" endtime="20231120 23:10:59.599"/>
</kw>
<kw name="Set Username">
<arg>ville</arg>
<kw name="Input Text" library="SeleniumLibrary">
<arg>username</arg>
<arg>${username}</arg>
<doc>Types the given ``text`` into the text field identified by ``locator``.</doc>
<msg timestamp="20231120 23:10:59.600" level="INFO">Typing text 'ville' into text field 'username'.</msg>
<status status="PASS" starttime="20231120 23:10:59.600" endtime="20231120 23:10:59.957"/>
</kw>
<status status="PASS" starttime="20231120 23:10:59.599" endtime="20231120 23:10:59.957"/>
</kw>
<kw name="Set Password">
<arg>kalle123</arg>
<kw name="Input Password" library="SeleniumLibrary">
<arg>password</arg>
<arg>${password}</arg>
<doc>Types the given password into the text field identified by ``locator``.</doc>
<msg timestamp="20231120 23:10:59.957" level="INFO">Typing password into text field 'password'.</msg>
<msg timestamp="20231120 23:11:00.183" level="INFO">Temporally setting log level to: NONE</msg>
<msg timestamp="20231120 23:11:00.306" level="INFO">Log level changed from NONE to INFO.</msg>
<status status="PASS" starttime="20231120 23:10:59.957" endtime="20231120 23:11:00.306"/>
</kw>
<status status="PASS" starttime="20231120 23:10:59.957" endtime="20231120 23:11:00.306"/>
</kw>
<kw name="Set Confirmation">
<arg>kalle123</arg>
<kw name="Input Password" library="SeleniumLibrary">
<arg>password_confirmation</arg>
<arg>${confirmation}</arg>
<doc>Types the given password into the text field identified by ``locator``.</doc>
<msg timestamp="20231120 23:11:00.307" level="INFO">Typing password into text field 'password_confirmation'.</msg>
<msg timestamp="20231120 23:11:00.525" level="INFO">Temporally setting log level to: NONE</msg>
<msg timestamp="20231120 23:11:00.642" level="INFO">Log level changed from NONE to INFO.</msg>
<status status="PASS" starttime="20231120 23:11:00.306" endtime="20231120 23:11:00.642"/>
</kw>
<status status="PASS" starttime="20231120 23:11:00.306" endtime="20231120 23:11:00.642"/>
</kw>
<kw name="Submit Credentials">
<kw name="Click Button" library="SeleniumLibrary">
<arg>Register</arg>
<doc>Clicks the button identified by ``locator``.</doc>
<msg timestamp="20231120 23:11:00.642" level="INFO">Clicking button 'Register'.</msg>
<status status="PASS" starttime="20231120 23:11:00.642" endtime="20231120 23:11:01.093"/>
</kw>
<status status="PASS" starttime="20231120 23:11:00.642" endtime="20231120 23:11:01.093"/>
</kw>
<kw name="Register Should Succeed">
<kw name="Title Should Be" library="SeleniumLibrary">
<arg>Welcome to Ohtu Application!</arg>
<doc>Verifies that the current page title equals ``title``.</doc>
<msg timestamp="20231120 23:11:01.195" level="INFO">Page title is 'Welcome to Ohtu Application!'.</msg>
<status status="PASS" starttime="20231120 23:11:01.094" endtime="20231120 23:11:01.196"/>
</kw>
<status status="PASS" starttime="20231120 23:11:01.093" endtime="20231120 23:11:01.196"/>
</kw>
<status status="PASS" starttime="20231120 23:10:59.456" endtime="20231120 23:11:01.196"/>
</test>
<test id="s1-s3-t2" name="Register With Too Short Username And Valid Password" line="15">
<kw name="Go To Register Page" library="resource" type="SETUP">
<kw name="Go To" library="SeleniumLibrary">
<arg>${REGISTER_URL}</arg>
<doc>Navigates the current browser window to the provided ``url``.</doc>
<msg timestamp="20231120 23:11:01.196" level="INFO">Opening url 'http://localhost:5001/register'</msg>
<status status="PASS" starttime="20231120 23:11:01.196" endtime="20231120 23:11:01.304"/>
</kw>
<status status="PASS" starttime="20231120 23:11:01.196" endtime="20231120 23:11:01.304"/>
</kw>
<kw name="Set Username">
<arg>ka</arg>
<kw name="Input Text" library="SeleniumLibrary">
<arg>username</arg>
<arg>${username}</arg>
<doc>Types the given ``text`` into the text field identified by ``locator``.</doc>
<msg timestamp="20231120 23:11:01.304" level="INFO">Typing text 'ka' into text field 'username'.</msg>
<status status="PASS" starttime="20231120 23:11:01.304" endtime="20231120 23:11:01.641"/>
</kw>
<status status="PASS" starttime="20231120 23:11:01.304" endtime="20231120 23:11:01.641"/>
</kw>
<kw name="Set Password">
<arg>kalle123</arg>
<kw name="Input Password" library="SeleniumLibrary">
<arg>password</arg>
<arg>${password}</arg>
<doc>Types the given password into the text field identified by ``locator``.</doc>
<msg timestamp="20231120 23:11:01.642" level="INFO">Typing password into text field 'password'.</msg>
<msg timestamp="20231120 23:11:01.863" level="INFO">Temporally setting log level to: NONE</msg>
<msg timestamp="20231120 23:11:01.983" level="INFO">Log level changed from NONE to INFO.</msg>
<status status="PASS" starttime="20231120 23:11:01.641" endtime="20231120 23:11:01.983"/>
</kw>
<status status="PASS" starttime="20231120 23:11:01.641" endtime="20231120 23:11:01.983"/>
</kw>
<kw name="Set Confirmation">
<arg>kalle123</arg>
<kw name="Input Password" library="SeleniumLibrary">
<arg>password_confirmation</arg>
<arg>${confirmation}</arg>
<doc>Types the given password into the text field identified by ``locator``.</doc>
<msg timestamp="20231120 23:11:01.983" level="INFO">Typing password into text field 'password_confirmation'.</msg>
<msg timestamp="20231120 23:11:02.202" level="INFO">Temporally setting log level to: NONE</msg>
<msg timestamp="20231120 23:11:02.326" level="INFO">Log level changed from NONE to INFO.</msg>
<status status="PASS" starttime="20231120 23:11:01.983" endtime="20231120 23:11:02.326"/>
</kw>
<status status="PASS" starttime="20231120 23:11:01.983" endtime="20231120 23:11:02.326"/>
</kw>
<kw name="Submit Credentials">
<kw name="Click Button" library="SeleniumLibrary">
<arg>Register</arg>
<doc>Clicks the button identified by ``locator``.</doc>
<msg timestamp="20231120 23:11:02.326" level="INFO">Clicking button 'Register'.</msg>
<status status="PASS" starttime="20231120 23:11:02.326" endtime="20231120 23:11:02.758"/>
</kw>
<status status="PASS" starttime="20231120 23:11:02.326" endtime="20231120 23:11:02.759"/>
</kw>
<kw name="Register Should Fail With Message">
<arg>Invalid username</arg>
<kw name="Register Page Should Be Open" library="resource">
<kw name="Title Should Be" library="SeleniumLibrary">
<arg>Register</arg>
<doc>Verifies that the current page title equals ``title``.</doc>
<msg timestamp="20231120 23:11:02.861" level="INFO">Page title is 'Register'.</msg>
<status status="PASS" starttime="20231120 23:11:02.759" endtime="20231120 23:11:02.861"/>
</kw>
<status status="PASS" starttime="20231120 23:11:02.759" endtime="20231120 23:11:02.861"/>
</kw>
<kw name="Page Should Contain" library="SeleniumLibrary">
<arg>${message}</arg>
<doc>Verifies that current page contains ``text``.</doc>
<msg timestamp="20231120 23:11:03.070" level="INFO">Current page contains text 'Invalid username'.</msg>
<status status="PASS" starttime="20231120 23:11:02.861" endtime="20231120 23:11:03.070"/>
</kw>
<status status="PASS" starttime="20231120 23:11:02.759" endtime="20231120 23:11:03.070"/>
</kw>
<status status="PASS" starttime="20231120 23:11:01.196" endtime="20231120 23:11:03.070"/>
</test>
<test id="s1-s3-t3" name="Register With Valid Username And Invalid Password" line="22">
<kw name="Go To Register Page" library="resource" type="SETUP">
<kw name="Go To" library="SeleniumLibrary">
<arg>${REGISTER_URL}</arg>
<doc>Navigates the current browser window to the provided ``url``.</doc>
<msg timestamp="20231120 23:11:03.071" level="INFO">Opening url 'http://localhost:5001/register'</msg>
<status status="PASS" starttime="20231120 23:11:03.071" endtime="20231120 23:11:03.177"/>
</kw>
<status status="PASS" starttime="20231120 23:11:03.071" endtime="20231120 23:11:03.177"/>
</kw>
<kw name="Set Username">
<arg>kummi</arg>
<kw name="Input Text" library="SeleniumLibrary">
<arg>username</arg>
<arg>${username}</arg>
<doc>Types the given ``text`` into the text field identified by ``locator``.</doc>
<msg timestamp="20231120 23:11:03.178" level="INFO">Typing text 'kummi' into text field 'username'.</msg>
<status status="PASS" starttime="20231120 23:11:03.178" endtime="20231120 23:11:03.516"/>
</kw>
<status status="PASS" starttime="20231120 23:11:03.177" endtime="20231120 23:11:03.516"/>
</kw>
<kw name="Set Password">
<arg>kallenalle</arg>
<kw name="Input Password" library="SeleniumLibrary">
<arg>password</arg>
<arg>${password}</arg>
<doc>Types the given password into the text field identified by ``locator``.</doc>
<msg timestamp="20231120 23:11:03.516" level="INFO">Typing password into text field 'password'.</msg>
<msg timestamp="20231120 23:11:03.733" level="INFO">Temporally setting log level to: NONE</msg>
<msg timestamp="20231120 23:11:03.854" level="INFO">Log level changed from NONE to INFO.</msg>
<status status="PASS" starttime="20231120 23:11:03.516" endtime="20231120 23:11:03.854"/>
</kw>
<status status="PASS" starttime="20231120 23:11:03.516" endtime="20231120 23:11:03.854"/>
</kw>
<kw name="Set Confirmation">
<arg>kallenalle</arg>
<kw name="Input Password" library="SeleniumLibrary">
<arg>password_confirmation</arg>
<arg>${confirmation}</arg>
<doc>Types the given password into the text field identified by ``locator``.</doc>
<msg timestamp="20231120 23:11:03.855" level="INFO">Typing password into text field 'password_confirmation'.</msg>
<msg timestamp="20231120 23:11:04.073" level="INFO">Temporally setting log level to: NONE</msg>
<msg timestamp="20231120 23:11:04.197" level="INFO">Log level changed from NONE to INFO.</msg>
<status status="PASS" starttime="20231120 23:11:03.854" endtime="20231120 23:11:04.197"/>
</kw>
<status status="PASS" starttime="20231120 23:11:03.854" endtime="20231120 23:11:04.197"/>
</kw>
<kw name="Submit Credentials">
<kw name="Click Button" library="SeleniumLibrary">
<arg>Register</arg>
<doc>Clicks the button identified by ``locator``.</doc>
<msg timestamp="20231120 23:11:04.198" level="INFO">Clicking button 'Register'.</msg>
<status status="PASS" starttime="20231120 23:11:04.197" endtime="20231120 23:11:04.634"/>
</kw>
<status status="PASS" starttime="20231120 23:11:04.197" endtime="20231120 23:11:04.635"/>
</kw>
<kw name="Register Should Fail With Message">
<arg>Invalid password</arg>
<kw name="Register Page Should Be Open" library="resource">
<kw name="Title Should Be" library="SeleniumLibrary">
<arg>Register</arg>
<doc>Verifies that the current page title equals ``title``.</doc>
<msg timestamp="20231120 23:11:04.737" level="INFO">Page title is 'Register'.</msg>
<status status="PASS" starttime="20231120 23:11:04.635" endtime="20231120 23:11:04.737"/>
</kw>
<status status="PASS" starttime="20231120 23:11:04.635" endtime="20231120 23:11:04.737"/>
</kw>
<kw name="Page Should Contain" library="SeleniumLibrary">
<arg>${message}</arg>
<doc>Verifies that current page contains ``text``.</doc>
<msg timestamp="20231120 23:11:04.948" level="INFO">Current page contains text 'Invalid password'.</msg>
<status status="PASS" starttime="20231120 23:11:04.737" endtime="20231120 23:11:04.948"/>
</kw>
<status status="PASS" starttime="20231120 23:11:04.635" endtime="20231120 23:11:04.948"/>
</kw>
<status status="PASS" starttime="20231120 23:11:03.071" endtime="20231120 23:11:04.949"/>
</test>
<test id="s1-s3-t4" name="Register With Nonmatching Password And Password Confirmation" line="30">
<kw name="Go To Register Page" library="resource" type="SETUP">
<kw name="Go To" library="SeleniumLibrary">
<arg>${REGISTER_URL}</arg>
<doc>Navigates the current browser window to the provided ``url``.</doc>
<msg timestamp="20231120 23:11:04.950" level="INFO">Opening url 'http://localhost:5001/register'</msg>
<status status="PASS" starttime="20231120 23:11:04.950" endtime="20231120 23:11:05.057"/>
</kw>
<status status="PASS" starttime="20231120 23:11:04.949" endtime="20231120 23:11:05.057"/>
</kw>
<kw name="Set Username">
<arg>kaisa</arg>
<kw name="Input Text" library="SeleniumLibrary">
<arg>username</arg>
<arg>${username}</arg>
<doc>Types the given ``text`` into the text field identified by ``locator``.</doc>
<msg timestamp="20231120 23:11:05.058" level="INFO">Typing text 'kaisa' into text field 'username'.</msg>
<status status="PASS" starttime="20231120 23:11:05.057" endtime="20231120 23:11:05.393"/>
</kw>
<status status="PASS" starttime="20231120 23:11:05.057" endtime="20231120 23:11:05.394"/>
</kw>
<kw name="Set Password">
<arg>kalle123</arg>
<kw name="Input Password" library="SeleniumLibrary">
<arg>password</arg>
<arg>${password}</arg>
<doc>Types the given password into the text field identified by ``locator``.</doc>
<msg timestamp="20231120 23:11:05.394" level="INFO">Typing password into text field 'password'.</msg>
<msg timestamp="20231120 23:11:05.611" level="INFO">Temporally setting log level to: NONE</msg>
<msg timestamp="20231120 23:11:05.735" level="INFO">Log level changed from NONE to INFO.</msg>
<status status="PASS" starttime="20231120 23:11:05.394" endtime="20231120 23:11:05.735"/>
</kw>
<status status="PASS" starttime="20231120 23:11:05.394" endtime="20231120 23:11:05.735"/>
</kw>
<kw name="Set Confirmation">
<arg>kalle1234</arg>
<kw name="Input Password" library="SeleniumLibrary">
<arg>password_confirmation</arg>
<arg>${confirmation}</arg>
<doc>Types the given password into the text field identified by ``locator``.</doc>
<msg timestamp="20231120 23:11:05.736" level="INFO">Typing password into text field 'password_confirmation'.</msg>
<msg timestamp="20231120 23:11:05.953" level="INFO">Temporally setting log level to: NONE</msg>
<msg timestamp="20231120 23:11:06.077" level="INFO">Log level changed from NONE to INFO.</msg>
<status status="PASS" starttime="20231120 23:11:05.735" endtime="20231120 23:11:06.077"/>
</kw>
<status status="PASS" starttime="20231120 23:11:05.735" endtime="20231120 23:11:06.077"/>
</kw>
<kw name="Submit Credentials">
<kw name="Click Button" library="SeleniumLibrary">
<arg>Register</arg>
<doc>Clicks the button identified by ``locator``.</doc>
<msg timestamp="20231120 23:11:06.078" level="INFO">Clicking button 'Register'.</msg>
<status status="PASS" starttime="20231120 23:11:06.077" endtime="20231120 23:11:06.512"/>
</kw>
<status status="PASS" starttime="20231120 23:11:06.077" endtime="20231120 23:11:06.512"/>
</kw>
<kw name="Register Should Fail With Message">
<arg>Passwords do not match</arg>
<kw name="Register Page Should Be Open" library="resource">
<kw name="Title Should Be" library="SeleniumLibrary">
<arg>Register</arg>
<doc>Verifies that the current page title equals ``title``.</doc>
<msg timestamp="20231120 23:11:06.615" level="INFO">Page title is 'Register'.</msg>
<status status="PASS" starttime="20231120 23:11:06.513" endtime="20231120 23:11:06.615"/>
</kw>
<status status="PASS" starttime="20231120 23:11:06.512" endtime="20231120 23:11:06.615"/>
</kw>
<kw name="Page Should Contain" library="SeleniumLibrary">
<arg>${message}</arg>
<doc>Verifies that current page contains ``text``.</doc>
<msg timestamp="20231120 23:11:06.826" level="INFO">Current page contains text 'Passwords do not match'.</msg>
<status status="PASS" starttime="20231120 23:11:06.615" endtime="20231120 23:11:06.826"/>
</kw>
<status status="PASS" starttime="20231120 23:11:06.512" endtime="20231120 23:11:06.826"/>
</kw>
<status status="PASS" starttime="20231120 23:11:04.949" endtime="20231120 23:11:06.826"/>
</test>
<test id="s1-s3-t5" name="Login After Successful Registration" line="38">
<kw name="Go To Register Page" library="resource" type="SETUP">
<kw name="Go To" library="SeleniumLibrary">
<arg>${REGISTER_URL}</arg>
<doc>Navigates the current browser window to the provided ``url``.</doc>
<msg timestamp="20231120 23:11:06.827" level="INFO">Opening url 'http://localhost:5001/register'</msg>
<status status="PASS" starttime="20231120 23:11:06.827" endtime="20231120 23:11:06.934"/>
</kw>
<status status="PASS" starttime="20231120 23:11:06.827" endtime="20231120 23:11:06.934"/>
</kw>
<kw name="Set Username">
<arg>masa</arg>
<kw name="Input Text" library="SeleniumLibrary">
<arg>username</arg>
<arg>${username}</arg>
<doc>Types the given ``text`` into the text field identified by ``locator``.</doc>
<msg timestamp="20231120 23:11:06.935" level="INFO">Typing text 'masa' into text field 'username'.</msg>
<status status="PASS" starttime="20231120 23:11:06.935" endtime="20231120 23:11:07.273"/>
</kw>
<status status="PASS" starttime="20231120 23:11:06.934" endtime="20231120 23:11:07.273"/>
</kw>
<kw name="Set Password">
<arg>kalle123</arg>
<kw name="Input Password" library="SeleniumLibrary">
<arg>password</arg>
<arg>${password}</arg>
<doc>Types the given password into the text field identified by ``locator``.</doc>
<msg timestamp="20231120 23:11:07.274" level="INFO">Typing password into text field 'password'.</msg>
<msg timestamp="20231120 23:11:07.493" level="INFO">Temporally setting log level to: NONE</msg>
<msg timestamp="20231120 23:11:07.613" level="INFO">Log level changed from NONE to INFO.</msg>
<status status="PASS" starttime="20231120 23:11:07.273" endtime="20231120 23:11:07.613"/>
</kw>
<status status="PASS" starttime="20231120 23:11:07.273" endtime="20231120 23:11:07.613"/>
</kw>
<kw name="Set Confirmation">
<arg>kalle123</arg>
<kw name="Input Password" library="SeleniumLibrary">
<arg>password_confirmation</arg>
<arg>${confirmation}</arg>
<doc>Types the given password into the text field identified by ``locator``.</doc>
<msg timestamp="20231120 23:11:07.614" level="INFO">Typing password into text field 'password_confirmation'.</msg>
<msg timestamp="20231120 23:11:07.832" level="INFO">Temporally setting log level to: NONE</msg>
<msg timestamp="20231120 23:11:07.956" level="INFO">Log level changed from NONE to INFO.</msg>
<status status="PASS" starttime="20231120 23:11:07.613" endtime="20231120 23:11:07.956"/>
</kw>
<status status="PASS" starttime="20231120 23:11:07.613" endtime="20231120 23:11:07.956"/>
</kw>
<kw name="Submit Credentials">
<kw name="Click Button" library="SeleniumLibrary">
<arg>Register</arg>
<doc>Clicks the button identified by ``locator``.</doc>
<msg timestamp="20231120 23:11:07.956" level="INFO">Clicking button 'Register'.</msg>
<status status="PASS" starttime="20231120 23:11:07.956" endtime="20231120 23:11:08.391"/>
</kw>
<status status="PASS" starttime="20231120 23:11:07.956" endtime="20231120 23:11:08.391"/>
</kw>
<kw name="Register Should Succeed">
<kw name="Title Should Be" library="SeleniumLibrary">
<arg>Welcome to Ohtu Application!</arg>
<doc>Verifies that the current page title equals ``title``.</doc>
<msg timestamp="20231120 23:11:08.493" level="INFO">Page title is 'Welcome to Ohtu Application!'.</msg>
<status status="PASS" starttime="20231120 23:11:08.391" endtime="20231120 23:11:08.494"/>
</kw>
<status status="PASS" starttime="20231120 23:11:08.391" endtime="20231120 23:11:08.494"/>
</kw>
<kw name="Click Link" library="SeleniumLibrary">
<arg>Continue to main page</arg>
<doc>Clicks a link identified by ``locator``.</doc>
<msg timestamp="20231120 23:11:08.494" level="INFO">Clicking link 'Continue to main page'.</msg>
<status status="PASS" starttime="20231120 23:11:08.494" endtime="20231120 23:11:08.829"/>
</kw>
<kw name="Main Page Should Be Open" library="resource">
<kw name="Title Should Be" library="SeleniumLibrary">
<arg>Ohtu Application main page</arg>
<doc>Verifies that the current page title equals ``title``.</doc>
<msg timestamp="20231120 23:11:08.931" level="INFO">Page title is 'Ohtu Application main page'.</msg>
<status status="PASS" starttime="20231120 23:11:08.829" endtime="20231120 23:11:08.931"/>
</kw>
<status status="PASS" starttime="20231120 23:11:08.829" endtime="20231120 23:11:08.931"/>
</kw>
<kw name="Click Button" library="SeleniumLibrary">
<arg>Logout</arg>
<doc>Clicks the button identified by ``locator``.</doc>
<msg timestamp="20231120 23:11:08.932" level="INFO">Clicking button 'Logout'.</msg>
<status status="PASS" starttime="20231120 23:11:08.931" endtime="20231120 23:11:09.372"/>
</kw>
<kw name="Set Username">
<arg>masa</arg>
<kw name="Input Text" library="SeleniumLibrary">
<arg>username</arg>
<arg>${username}</arg>
<doc>Types the given ``text`` into the text field identified by ``locator``.</doc>
<msg timestamp="20231120 23:11:09.373" level="INFO">Typing text 'masa' into text field 'username'.</msg>
<status status="PASS" starttime="20231120 23:11:09.373" endtime="20231120 23:11:09.710"/>
</kw>
<status status="PASS" starttime="20231120 23:11:09.373" endtime="20231120 23:11:09.710"/>
</kw>
<kw name="Set Password">
<arg>kalle123</arg>
<kw name="Input Password" library="SeleniumLibrary">
<arg>password</arg>
<arg>${password}</arg>
<doc>Types the given password into the text field identified by ``locator``.</doc>
<msg timestamp="20231120 23:11:09.711" level="INFO">Typing password into text field 'password'.</msg>
<msg timestamp="20231120 23:11:09.925" level="INFO">Temporally setting log level to: NONE</msg>
<msg timestamp="20231120 23:11:10.046" level="INFO">Log level changed from NONE to INFO.</msg>
<status status="PASS" starttime="20231120 23:11:09.711" endtime="20231120 23:11:10.047"/>
</kw>
<status status="PASS" starttime="20231120 23:11:09.710" endtime="20231120 23:11:10.047"/>
</kw>
<kw name="Click Button" library="SeleniumLibrary">
<arg>Login</arg>
<doc>Clicks the button identified by ``locator``.</doc>
<msg timestamp="20231120 23:11:10.047" level="INFO">Clicking button 'Login'.</msg>
<status status="PASS" starttime="20231120 23:11:10.047" endtime="20231120 23:11:10.477"/>
</kw>
<kw name="Main Page Should Be Open" library="resource">
<kw name="Title Should Be" library="SeleniumLibrary">
<arg>Ohtu Application main page</arg>
<doc>Verifies that the current page title equals ``title``.</doc>
<msg timestamp="20231120 23:11:10.579" level="INFO">Page title is 'Ohtu Application main page'.</msg>
<status status="PASS" starttime="20231120 23:11:10.477" endtime="20231120 23:11:10.579"/>
</kw>
<status status="PASS" starttime="20231120 23:11:10.477" endtime="20231120 23:11:10.579"/>
</kw>
<status status="PASS" starttime="20231120 23:11:06.827" endtime="20231120 23:11:10.579"/>
</test>
<test id="s1-s3-t6" name="Login After Failed Registration" line="53">
<kw name="Go To Register Page" library="resource" type="SETUP">
<kw name="Go To" library="SeleniumLibrary">
<arg>${REGISTER_URL}</arg>
<doc>Navigates the current browser window to the provided ``url``.</doc>
<msg timestamp="20231120 23:11:10.580" level="INFO">Opening url 'http://localhost:5001/register'</msg>
<status status="PASS" starttime="20231120 23:11:10.580" endtime="20231120 23:11:10.687"/>
</kw>
<status status="PASS" starttime="20231120 23:11:10.580" endtime="20231120 23:11:10.687"/>
</kw>
<kw name="Set Username">
<arg>kaisa</arg>
<kw name="Input Text" library="SeleniumLibrary">
<arg>username</arg>
<arg>${username}</arg>
<doc>Types the given ``text`` into the text field identified by ``locator``.</doc>
<msg timestamp="20231120 23:11:10.688" level="INFO">Typing text 'kaisa' into text field 'username'.</msg>
<status status="PASS" starttime="20231120 23:11:10.687" endtime="20231120 23:11:11.019"/>
</kw>
<status status="PASS" starttime="20231120 23:11:10.687" endtime="20231120 23:11:11.019"/>
</kw>
<kw name="Set Password">
<arg>kalle123</arg>
<kw name="Input Password" library="SeleniumLibrary">
<arg>password</arg>
<arg>${password}</arg>
<doc>Types the given password into the text field identified by ``locator``.</doc>
<msg timestamp="20231120 23:11:11.020" level="INFO">Typing password into text field 'password'.</msg>
<msg timestamp="20231120 23:11:11.234" level="INFO">Temporally setting log level to: NONE</msg>
<msg timestamp="20231120 23:11:11.352" level="INFO">Log level changed from NONE to INFO.</msg>
<status status="PASS" starttime="20231120 23:11:11.020" endtime="20231120 23:11:11.352"/>
</kw>
<status status="PASS" starttime="20231120 23:11:11.020" endtime="20231120 23:11:11.353"/>
</kw>
<kw name="Set Confirmation">
<arg>kalle1234</arg>
<kw name="Input Password" library="SeleniumLibrary">
<arg>password_confirmation</arg>
<arg>${confirmation}</arg>
<doc>Types the given password into the text field identified by ``locator``.</doc>
<msg timestamp="20231120 23:11:11.353" level="INFO">Typing password into text field 'password_confirmation'.</msg>
<msg timestamp="20231120 23:11:11.568" level="INFO">Temporally setting log level to: NONE</msg>
<msg timestamp="20231120 23:11:11.686" level="INFO">Log level changed from NONE to INFO.</msg>
<status status="PASS" starttime="20231120 23:11:11.353" endtime="20231120 23:11:11.686"/>
</kw>
<status status="PASS" starttime="20231120 23:11:11.353" endtime="20231120 23:11:11.686"/>
</kw>
<kw name="Submit Credentials">
<kw name="Click Button" library="SeleniumLibrary">
<arg>Register</arg>
<doc>Clicks the button identified by ``locator``.</doc>
<msg timestamp="20231120 23:11:11.687" level="INFO">Clicking button 'Register'.</msg>
<status status="PASS" starttime="20231120 23:11:11.687" endtime="20231120 23:11:12.119"/>
</kw>
<status status="PASS" starttime="20231120 23:11:11.686" endtime="20231120 23:11:12.119"/>
</kw>
<kw name="Register Should Fail With Message">
<arg>Passwords do not match</arg>
<kw name="Register Page Should Be Open" library="resource">
<kw name="Title Should Be" library="SeleniumLibrary">
<arg>Register</arg>
<doc>Verifies that the current page title equals ``title``.</doc>
<msg timestamp="20231120 23:11:12.222" level="INFO">Page title is 'Register'.</msg>
<status status="PASS" starttime="20231120 23:11:12.120" endtime="20231120 23:11:12.222"/>
</kw>
<status status="PASS" starttime="20231120 23:11:12.120" endtime="20231120 23:11:12.222"/>
</kw>
<kw name="Page Should Contain" library="SeleniumLibrary">
<arg>${message}</arg>
<doc>Verifies that current page contains ``text``.</doc>
<msg timestamp="20231120 23:11:12.427" level="INFO">Current page contains text 'Passwords do not match'.</msg>
<status status="PASS" starttime="20231120 23:11:12.222" endtime="20231120 23:11:12.427"/>
</kw>
<status status="PASS" starttime="20231120 23:11:12.119" endtime="20231120 23:11:12.427"/>
</kw>
<kw name="Click Link" library="SeleniumLibrary">
<arg>Login</arg>
<doc>Clicks a link identified by ``locator``.</doc>
<msg timestamp="20231120 23:11:12.427" level="INFO">Clicking link 'Login'.</msg>
<status status="PASS" starttime="20231120 23:11:12.427" endtime="20231120 23:11:12.759"/>
</kw>
<kw name="Set Username">
<arg>kaisa</arg>
<kw name="Input Text" library="SeleniumLibrary">
<arg>username</arg>
<arg>${username}</arg>
<doc>Types the given ``text`` into the text field identified by ``locator``.</doc>
<msg timestamp="20231120 23:11:12.759" level="INFO">Typing text 'kaisa' into text field 'username'.</msg>
<status status="PASS" starttime="20231120 23:11:12.759" endtime="20231120 23:11:13.096"/>
</kw>
<status status="PASS" starttime="20231120 23:11:12.759" endtime="20231120 23:11:13.096"/>
</kw>
<kw name="Set Password">
<arg>kalle123</arg>
<kw name="Input Password" library="SeleniumLibrary">
<arg>password</arg>
<arg>${password}</arg>
<doc>Types the given password into the text field identified by ``locator``.</doc>
<msg timestamp="20231120 23:11:13.096" level="INFO">Typing password into text field 'password'.</msg>
<msg timestamp="20231120 23:11:13.317" level="INFO">Temporally setting log level to: NONE</msg>
<msg timestamp="20231120 23:11:13.436" level="INFO">Log level changed from NONE to INFO.</msg>
<status status="PASS" starttime="20231120 23:11:13.096" endtime="20231120 23:11:13.436"/>
</kw>
<status status="PASS" starttime="20231120 23:11:13.096" endtime="20231120 23:11:13.436"/>
</kw>
<kw name="Click Button" library="SeleniumLibrary">
<arg>Login</arg>
<doc>Clicks the button identified by ``locator``.</doc>
<msg timestamp="20231120 23:11:13.436" level="INFO">Clicking button 'Login'.</msg>
<status status="PASS" starttime="20231120 23:11:13.436" endtime="20231120 23:11:13.876"/>
</kw>
<kw name="Login Should Fail With Message">
<arg>Invalid username or password</arg>
<kw name="Login Page Should Be Open" library="resource">
<kw name="Title Should Be" library="SeleniumLibrary">
<arg>Login</arg>
<doc>Verifies that the current page title equals ``title``.</doc>
<msg timestamp="20231120 23:11:13.979" level="INFO">Page title is 'Login'.</msg>
<status status="PASS" starttime="20231120 23:11:13.876" endtime="20231120 23:11:13.979"/>
</kw>
<status status="PASS" starttime="20231120 23:11:13.876" endtime="20231120 23:11:13.979"/>
</kw>
<kw name="Page Should Contain" library="SeleniumLibrary">
<arg>${message}</arg>
<doc>Verifies that current page contains ``text``.</doc>
<msg timestamp="20231120 23:11:14.189" level="INFO">Current page contains text 'Invalid username or password'.</msg>
<status status="PASS" starttime="20231120 23:11:13.979" endtime="20231120 23:11:14.189"/>
</kw>
<status status="PASS" starttime="20231120 23:11:13.876" endtime="20231120 23:11:14.189"/>
</kw>
<status status="PASS" starttime="20231120 23:11:10.579" endtime="20231120 23:11:14.189"/>
</test>
<kw name="Close Browser" library="SeleniumLibrary" type="TEARDOWN">
<doc>Closes the current browser.</doc>
<status status="PASS" starttime="20231120 23:11:14.189" endtime="20231120 23:11:14.343"/>
</kw>
<status status="PASS" starttime="20231120 23:10:58.607" endtime="20231120 23:11:14.343"/>
</suite>
<status status="PASS" starttime="20231120 23:10:50.646" endtime="20231120 23:11:14.344"/>
</suite>
<statistics>
<total>
<stat pass="11" fail="0" skip="0">All Tests</stat>
</total>
<tag>
</tag>
<suite>
<stat pass="11" fail="0" skip="0" id="s1" name="Tests">Tests</stat>
<stat pass="2" fail="0" skip="0" id="s1-s1" name="Home">Tests.Home</stat>
<stat pass="3" fail="0" skip="0" id="s1-s2" name="Login">Tests.Login</stat>
<stat pass="6" fail="0" skip="0" id="s1-s3" name="Register">Tests.Register</stat>
</suite>
</statistics>
<errors>
</errors>
</robot>
